<?xml version="1.0" encoding="UTF-8"?>
<!-- Generated by org.testng.reporters.JUnitXMLReporter -->
<testsuite hostname="Alok-PC" ignored="0" name="Default test" tests="4" failures="0" timestamp="23 May 2020 10:27:42 GMT" time="173.074" errors="0">
  <testcase name="validateCreateNewContact" time="24.003" classname="com.qa.crm.test.ContactsPageTest"/>
  <testcase name="validateCreateNewContact" time="6.934" classname="com.qa.crm.test.ContactsPageTest"/>
  <testcase name="validateCreateNewContact" time="7.574" classname="com.qa.crm.test.ContactsPageTest"/>
  <testcase name="validateCreateNewContact" time="7.213" classname="com.qa.crm.test.ContactsPageTest"/>
</testsuite> <!-- Default test -->
