<?xml version="1.0" encoding="UTF-8"?>
<!-- Generated by org.testng.reporters.JUnitXMLReporter -->
<testsuite hostname="Alok-PC" ignored="0" name="Test" tests="6" failures="0" timestamp="25 May 2020 14:00:23 GMT" time="247.208" errors="0">
  <testcase name="validateCreateNewContact" time="8.583" classname="com.qa.crm.test.ContactsPageTest"/>
  <testcase name="validateCreateNewContact" time="6.878" classname="com.qa.crm.test.ContactsPageTest"/>
  <testcase name="validateCreateNewContact" time="11.064" classname="com.qa.crm.test.ContactsPageTest"/>
  <testcase name="validateCreateNewContact" time="10.082" classname="com.qa.crm.test.ContactsPageTest"/>
  <testcase name="verifyHomePageTitleTest" time="0.069" classname="com.qa.crm.test.HomePageTest"/>
  <testcase name="loginPageTitleTest" time="2.671" classname="com.qa.crm.test.LoginPageTest"/>
</testsuite> <!-- Test -->
