<?xml version="1.0" encoding="UTF-8"?>
<testng-results skipped="0" failed="0" ignored="0" total="4" passed="4">
  <reporter-output>
  </reporter-output>
  <suite name="Default suite" duration-ms="173074" started-at="2020-05-23T10:24:49Z" finished-at="2020-05-23T10:27:42Z">
    <groups>
    </groups>
    <test name="Default test" duration-ms="173074" started-at="2020-05-23T10:24:49Z" finished-at="2020-05-23T10:27:42Z">
      <class name="com.qa.crm.test.ContactsPageTest">
        <test-method status="PASS" signature="setUp()[pri:0, instance:com.qa.crm.test.ContactsPageTest@4dfa3a9d]" name="setUp" is-config="true" duration-ms="23212" started-at="2020-05-23T10:24:50Z" finished-at="2020-05-23T10:25:13Z">
          <reporter-output>
          </reporter-output>
        </test-method> <!-- setUp -->
        <test-method status="PASS" signature="validateCreateNewContact(java.lang.String, java.lang.String, java.lang.String, java.lang.String)[pri:0, instance:com.qa.crm.test.ContactsPageTest@4dfa3a9d]" name="validateCreateNewContact" duration-ms="24003" started-at="2020-05-23T10:25:13Z" data-provider="getCrmTestData" finished-at="2020-05-23T10:25:37Z">
          <params>
            <param index="0">
              <value>
                <![CDATA[Mr.]]>
              </value>
            </param>
            <param index="1">
              <value>
                <![CDATA[Tom]]>
              </value>
            </param>
            <param index="2">
              <value>
                <![CDATA[Peter]]>
              </value>
            </param>
            <param index="3">
              <value>
                <![CDATA[Google]]>
              </value>
            </param>
          </params>
          <reporter-output>
          </reporter-output>
        </test-method> <!-- validateCreateNewContact -->
        <test-method status="PASS" signature="tearDown()[pri:0, instance:com.qa.crm.test.ContactsPageTest@4dfa3a9d]" name="tearDown" is-config="true" duration-ms="706" started-at="2020-05-23T10:25:37Z" finished-at="2020-05-23T10:25:37Z">
          <reporter-output>
          </reporter-output>
        </test-method> <!-- tearDown -->
        <test-method status="PASS" signature="setUp()[pri:0, instance:com.qa.crm.test.ContactsPageTest@4dfa3a9d]" name="setUp" is-config="true" duration-ms="24134" started-at="2020-05-23T10:25:37Z" finished-at="2020-05-23T10:26:02Z">
          <reporter-output>
          </reporter-output>
        </test-method> <!-- setUp -->
        <test-method status="PASS" signature="validateCreateNewContact(java.lang.String, java.lang.String, java.lang.String, java.lang.String)[pri:0, instance:com.qa.crm.test.ContactsPageTest@4dfa3a9d]" name="validateCreateNewContact" duration-ms="6934" started-at="2020-05-23T10:26:02Z" data-provider="getCrmTestData" finished-at="2020-05-23T10:26:09Z">
          <params>
            <param index="0">
              <value>
                <![CDATA[Dr.]]>
              </value>
            </param>
            <param index="1">
              <value>
                <![CDATA[David]]>
              </value>
            </param>
            <param index="2">
              <value>
                <![CDATA[Cris]]>
              </value>
            </param>
            <param index="3">
              <value>
                <![CDATA[Amazon]]>
              </value>
            </param>
          </params>
          <reporter-output>
          </reporter-output>
        </test-method> <!-- validateCreateNewContact -->
        <test-method status="PASS" signature="tearDown()[pri:0, instance:com.qa.crm.test.ContactsPageTest@4dfa3a9d]" name="tearDown" is-config="true" duration-ms="739" started-at="2020-05-23T10:26:09Z" finished-at="2020-05-23T10:26:09Z">
          <reporter-output>
          </reporter-output>
        </test-method> <!-- tearDown -->
        <test-method status="PASS" signature="setUp()[pri:0, instance:com.qa.crm.test.ContactsPageTest@4dfa3a9d]" name="setUp" is-config="true" duration-ms="38462" started-at="2020-05-23T10:26:09Z" finished-at="2020-05-23T10:26:48Z">
          <reporter-output>
          </reporter-output>
        </test-method> <!-- setUp -->
        <test-method status="PASS" signature="validateCreateNewContact(java.lang.String, java.lang.String, java.lang.String, java.lang.String)[pri:0, instance:com.qa.crm.test.ContactsPageTest@4dfa3a9d]" name="validateCreateNewContact" duration-ms="7574" started-at="2020-05-23T10:26:48Z" data-provider="getCrmTestData" finished-at="2020-05-23T10:26:55Z">
          <params>
            <param index="0">
              <value>
                <![CDATA[Mrs.]]>
              </value>
            </param>
            <param index="1">
              <value>
                <![CDATA[Mukta]]>
              </value>
            </param>
            <param index="2">
              <value>
                <![CDATA[Sharma]]>
              </value>
            </param>
            <param index="3">
              <value>
                <![CDATA[Ebay]]>
              </value>
            </param>
          </params>
          <reporter-output>
          </reporter-output>
        </test-method> <!-- validateCreateNewContact -->
        <test-method status="PASS" signature="tearDown()[pri:0, instance:com.qa.crm.test.ContactsPageTest@4dfa3a9d]" name="tearDown" is-config="true" duration-ms="731" started-at="2020-05-23T10:26:55Z" finished-at="2020-05-23T10:26:56Z">
          <reporter-output>
          </reporter-output>
        </test-method> <!-- tearDown -->
        <test-method status="PASS" signature="setUp()[pri:0, instance:com.qa.crm.test.ContactsPageTest@4dfa3a9d]" name="setUp" is-config="true" duration-ms="37866" started-at="2020-05-23T10:26:56Z" finished-at="2020-05-23T10:27:34Z">
          <reporter-output>
          </reporter-output>
        </test-method> <!-- setUp -->
        <test-method status="PASS" signature="validateCreateNewContact(java.lang.String, java.lang.String, java.lang.String, java.lang.String)[pri:0, instance:com.qa.crm.test.ContactsPageTest@4dfa3a9d]" name="validateCreateNewContact" duration-ms="7213" started-at="2020-05-23T10:27:34Z" data-provider="getCrmTestData" finished-at="2020-05-23T10:27:41Z">
          <params>
            <param index="0">
              <value>
                <![CDATA[Mr.]]>
              </value>
            </param>
            <param index="1">
              <value>
                <![CDATA[Alok]]>
              </value>
            </param>
            <param index="2">
              <value>
                <![CDATA[Kumar]]>
              </value>
            </param>
            <param index="3">
              <value>
                <![CDATA[S2s]]>
              </value>
            </param>
          </params>
          <reporter-output>
          </reporter-output>
        </test-method> <!-- validateCreateNewContact -->
        <test-method status="PASS" signature="tearDown()[pri:0, instance:com.qa.crm.test.ContactsPageTest@4dfa3a9d]" name="tearDown" is-config="true" duration-ms="707" started-at="2020-05-23T10:27:41Z" finished-at="2020-05-23T10:27:42Z">
          <reporter-output>
          </reporter-output>
        </test-method> <!-- tearDown -->
      </class> <!-- com.qa.crm.test.ContactsPageTest -->
    </test> <!-- Default test -->
  </suite> <!-- Default suite -->
</testng-results>
